Performing C SOURCE FILE Test CMAKE_HAVE_LIBC_PTHREAD failed with the following output:
Change Dir: /home/fence/git/fenceless-robotics-linux-PCL/build/CMakeFiles/CMakeTmp

Run Build Command(s):/usr/bin/make -f Makefile cmTC_349ec/fast && /usr/bin/make  -f CMakeFiles/cmTC_349ec.dir/build.make CMakeFiles/cmTC_349ec.dir/build
make[1]: Entering directory '/home/fence/git/fenceless-robotics-linux-PCL/build/CMakeFiles/CMakeTmp'
Building C object CMakeFiles/cmTC_349ec.dir/src.c.o
/usr/bin/x86_64-pc-linux-gnu-gcc-11.1.0 -DCMAKE_HAVE_LIBC_PTHREAD   -o CMakeFiles/cmTC_349ec.dir/src.c.o -c /home/fence/git/fenceless-robotics-linux-PCL/build/CMakeFiles/CMakeTmp/src.c
Linking C executable cmTC_349ec
/usr/bin/cmake -E cmake_link_script CMakeFiles/cmTC_349ec.dir/link.txt --verbose=1
/usr/bin/x86_64-pc-linux-gnu-gcc-11.1.0 CMakeFiles/cmTC_349ec.dir/src.c.o -o cmTC_349ec 
/usr/bin/ld: CMakeFiles/cmTC_349ec.dir/src.c.o: in function `main':
src.c:(.text+0x3e): undefined reference to `pthread_create'
/usr/bin/ld: src.c:(.text+0x4a): undefined reference to `pthread_detach'
/usr/bin/ld: src.c:(.text+0x56): undefined reference to `pthread_cancel'
/usr/bin/ld: src.c:(.text+0x67): undefined reference to `pthread_join'
collect2: error: ld returned 1 exit status
make[1]: *** [CMakeFiles/cmTC_349ec.dir/build.make:99: cmTC_349ec] Error 1
make[1]: Leaving directory '/home/fence/git/fenceless-robotics-linux-PCL/build/CMakeFiles/CMakeTmp'
make: *** [Makefile:127: cmTC_349ec/fast] Error 2


Source file was:
#include <pthread.h>

static void* test_func(void* data)
{
  return data;
}

int main(void)
{
  pthread_t thread;
  pthread_create(&thread, NULL, test_func, NULL);
  pthread_detach(thread);
  pthread_cancel(thread);
  pthread_join(thread, NULL);
  pthread_atfork(NULL, NULL, NULL);
  pthread_exit(NULL);

  return 0;
}

Performing C SOURCE FILE Test CMAKE_HAVE_LIBC_PTHREAD failed with the following output:
Change Dir: /home/fence/git/fenceless-robotics/build/CMakeFiles/CMakeTmp

Run Build Command(s):/usr/bin/make -f Makefile cmTC_d437c/fast && /usr/bin/make  -f CMakeFiles/cmTC_d437c.dir/build.make CMakeFiles/cmTC_d437c.dir/build
make[1]: Entering directory '/home/fence/git/fenceless-robotics/build/CMakeFiles/CMakeTmp'
Building C object CMakeFiles/cmTC_d437c.dir/src.c.o
/usr/bin/x86_64-pc-linux-gnu-gcc-11.1.0 -DCMAKE_HAVE_LIBC_PTHREAD   -o CMakeFiles/cmTC_d437c.dir/src.c.o -c /home/fence/git/fenceless-robotics/build/CMakeFiles/CMakeTmp/src.c
Linking C executable cmTC_d437c
/usr/bin/cmake -E cmake_link_script CMakeFiles/cmTC_d437c.dir/link.txt --verbose=1
/usr/bin/x86_64-pc-linux-gnu-gcc-11.1.0 CMakeFiles/cmTC_d437c.dir/src.c.o -o cmTC_d437c 
/usr/bin/ld: CMakeFiles/cmTC_d437c.dir/src.c.o: in function `main':
src.c:(.text+0x3e): undefined reference to `pthread_create'
/usr/bin/ld: src.c:(.text+0x4a): undefined reference to `pthread_detach'
/usr/bin/ld: src.c:(.text+0x56): undefined reference to `pthread_cancel'
/usr/bin/ld: src.c:(.text+0x67): undefined reference to `pthread_join'
collect2: error: ld returned 1 exit status
make[1]: *** [CMakeFiles/cmTC_d437c.dir/build.make:99: cmTC_d437c] Error 1
make[1]: Leaving directory '/home/fence/git/fenceless-robotics/build/CMakeFiles/CMakeTmp'
make: *** [Makefile:127: cmTC_d437c/fast] Error 2


Source file was:
#include <pthread.h>

static void* test_func(void* data)
{
  return data;
}

int main(void)
{
  pthread_t thread;
  pthread_create(&thread, NULL, test_func, NULL);
  pthread_detach(thread);
  pthread_cancel(thread);
  pthread_join(thread, NULL);
  pthread_atfork(NULL, NULL, NULL);
  pthread_exit(NULL);

  return 0;
}

Performing C SOURCE FILE Test CMAKE_HAVE_LIBC_PTHREAD failed with the following output:
Change Dir: /home/fence/git/fenceless-robotics/build/CMakeFiles/CMakeTmp

Run Build Command(s):/usr/bin/make -f Makefile cmTC_d1c40/fast && /usr/bin/make  -f CMakeFiles/cmTC_d1c40.dir/build.make CMakeFiles/cmTC_d1c40.dir/build
make[1]: Entering directory '/home/fence/git/fenceless-robotics/build/CMakeFiles/CMakeTmp'
Building C object CMakeFiles/cmTC_d1c40.dir/src.c.o
/usr/bin/x86_64-pc-linux-gnu-gcc-11.1.0 -DCMAKE_HAVE_LIBC_PTHREAD   -o CMakeFiles/cmTC_d1c40.dir/src.c.o -c /home/fence/git/fenceless-robotics/build/CMakeFiles/CMakeTmp/src.c
Linking C executable cmTC_d1c40
/usr/bin/cmake -E cmake_link_script CMakeFiles/cmTC_d1c40.dir/link.txt --verbose=1
/usr/bin/x86_64-pc-linux-gnu-gcc-11.1.0 CMakeFiles/cmTC_d1c40.dir/src.c.o -o cmTC_d1c40 
/usr/bin/ld: CMakeFiles/cmTC_d1c40.dir/src.c.o: in function `main':
src.c:(.text+0x3e): undefined reference to `pthread_create'
/usr/bin/ld: src.c:(.text+0x4a): undefined reference to `pthread_detach'
/usr/bin/ld: src.c:(.text+0x56): undefined reference to `pthread_cancel'
/usr/bin/ld: src.c:(.text+0x67): undefined reference to `pthread_join'
collect2: error: ld returned 1 exit status
make[1]: *** [CMakeFiles/cmTC_d1c40.dir/build.make:99: cmTC_d1c40] Error 1
make[1]: Leaving directory '/home/fence/git/fenceless-robotics/build/CMakeFiles/CMakeTmp'
make: *** [Makefile:127: cmTC_d1c40/fast] Error 2


Source file was:
#include <pthread.h>

static void* test_func(void* data)
{
  return data;
}

int main(void)
{
  pthread_t thread;
  pthread_create(&thread, NULL, test_func, NULL);
  pthread_detach(thread);
  pthread_cancel(thread);
  pthread_join(thread, NULL);
  pthread_atfork(NULL, NULL, NULL);
  pthread_exit(NULL);

  return 0;
}

